Flow report for week11
Wed Nov 30 03:46:57 2022
Quartus Prime Version 20.1.1 Build 720 11/11/2020 SJ Lite Edition


---------------------
; Table of Contents ;
---------------------
  1. Legal Notice
  2. Flow Summary
  3. Flow Settings
  4. Flow Non-Default Global Settings
  5. Flow Elapsed Time
  6. Flow OS Summary
  7. Flow Log
  8. Flow Messages
  9. Flow Suppressed Messages



----------------
; Legal Notice ;
----------------
Copyright (C) 2020  Intel Corporation. All rights reserved.
Your use of Intel Corporation's design tools, logic functions 
and other software and tools, and any partner logic 
functions, and any output files from any of the foregoing 
(including device programming or simulation files), and any 
associated documentation or information are expressly subject 
to the terms and conditions of the Intel Program License 
Subscription Agreement, the Intel Quartus Prime License Agreement,
the Intel FPGA IP License Agreement, or other applicable license
agreement, including, without limitation, that your use is for
the sole purpose of programming logic devices manufactured by
Intel and sold by Intel or its authorized distributors.  Please
refer to the applicable agreement for further details, at
https://fpgasoftware.intel.com/eula.



+---------------------------------------------------------------------+
; Flow Summary                                                        ;
+-----------------------+---------------------------------------------+
; Flow Status           ; Successful - Wed Nov 30 03:46:57 2022       ;
; Quartus Prime Version ; 20.1.1 Build 720 11/11/2020 SJ Lite Edition ;
; Revision Name         ; week11                                      ;
; Top-level Entity Name ; main                                        ;
; Family                ; MAX V                                       ;
; Total logic elements  ; 1,535 / 2,210 ( 69 % )                      ;
; Total pins            ; 28 / 203 ( 14 % )                           ;
; Total virtual pins    ; 0                                           ;
; UFM blocks            ; 0 / 1 ( 0 % )                               ;
; Device                ; 5M2210ZF256C4                               ;
; Timing Models         ; Final                                       ;
+-----------------------+---------------------------------------------+


+-----------------------------------------+
; Flow Settings                           ;
+-------------------+---------------------+
; Option            ; Setting             ;
+-------------------+---------------------+
; Start date & time ; 11/30/2022 03:42:36 ;
; Main task         ; Compilation         ;
; Revision Name     ; week11              ;
+-------------------+---------------------+


+------------------------------------------------------------------------------------------------------+
; Flow Non-Default Global Settings                                                                     ;
+--------------------------+--------------------------------+---------------+-------------+------------+
; Assignment Name          ; Value                          ; Default Value ; Entity Name ; Section Id ;
+--------------------------+--------------------------------+---------------+-------------+------------+
; COMPILER_SIGNATURE_ID    ; 92384133001677.166974735621424 ; --            ; --          ; --         ;
; PROJECT_OUTPUT_DIRECTORY ; output_files                   ; --            ; --          ; --         ;
; TOP_LEVEL_ENTITY         ; main                           ; week11        ; --          ; --         ;
+--------------------------+--------------------------------+---------------+-------------+------------+


+--------------------------------------------------------------------------------------------------------------------------+
; Flow Elapsed Time                                                                                                        ;
+----------------------+--------------+-------------------------+---------------------+------------------------------------+
; Module Name          ; Elapsed Time ; Average Processors Used ; Peak Virtual Memory ; Total CPU Time (on all processors) ;
+----------------------+--------------+-------------------------+---------------------+------------------------------------+
; Analysis & Synthesis ; 00:00:10     ; 1.0                     ; 4715 MB             ; 00:00:21                           ;
; Fitter               ; 00:00:05     ; 1.4                     ; 6189 MB             ; 00:00:12                           ;
; EDA Netlist Writer   ; 00:00:00     ; 1.0                     ; 4618 MB             ; 00:00:00                           ;
; EDA Netlist Writer   ; 00:00:01     ; 1.0                     ; 4627 MB             ; 00:00:01                           ;
; EDA Netlist Writer   ; 00:00:00     ; 1.0                     ; 4618 MB             ; 00:00:00                           ;
; EDA Netlist Writer   ; 00:00:01     ; 1.0                     ; 4627 MB             ; 00:00:01                           ;
; EDA Netlist Writer   ; 00:00:00     ; 1.0                     ; 4618 MB             ; 00:00:00                           ;
; EDA Netlist Writer   ; 00:00:00     ; 1.0                     ; 4627 MB             ; 00:00:01                           ;
; Total                ; 00:00:17     ; --                      ; --                  ; 00:00:36                           ;
+----------------------+--------------+-------------------------+---------------------+------------------------------------+


+------------------------------------------------------------------------------------+
; Flow OS Summary                                                                    ;
+----------------------+------------------+------------+------------+----------------+
; Module Name          ; Machine Hostname ; OS Name    ; OS Version ; Processor type ;
+----------------------+------------------+------------+------------+----------------+
; Analysis & Synthesis ; DESKTOP-549U5PD  ; Windows 10 ; 10.0       ; x86_64         ;
; Fitter               ; DESKTOP-549U5PD  ; Windows 10 ; 10.0       ; x86_64         ;
; EDA Netlist Writer   ; DESKTOP-549U5PD  ; Windows 10 ; 10.0       ; x86_64         ;
; EDA Netlist Writer   ; DESKTOP-549U5PD  ; Windows 10 ; 10.0       ; x86_64         ;
; EDA Netlist Writer   ; DESKTOP-549U5PD  ; Windows 10 ; 10.0       ; x86_64         ;
; EDA Netlist Writer   ; DESKTOP-549U5PD  ; Windows 10 ; 10.0       ; x86_64         ;
; EDA Netlist Writer   ; DESKTOP-549U5PD  ; Windows 10 ; 10.0       ; x86_64         ;
; EDA Netlist Writer   ; DESKTOP-549U5PD  ; Windows 10 ; 10.0       ; x86_64         ;
+----------------------+------------------+------------+------------+----------------+


------------
; Flow Log ;
------------
quartus_map --read_settings_files=on --write_settings_files=off week11 -c week11
quartus_fit --read_settings_files=on --write_settings_files=off week11 -c week11
quartus_eda --read_settings_files=off --write_settings_files=off week11 -c week11
quartus_eda --gen_testbench --tool=modelsim_oem --format=verilog --write_settings_files=off week11 -c week11 --vector_source="C:/Users/bazoo/Documents/lessons/2022-2/logic lab/Project/TEST.vwf" --testbench_file="C:/Users/bazoo/Documents/lessons/2022-2/logic lab/Project/simulation/qsim/TEST.vwf.vt"
quartus_eda --write_settings_files=off --simulation=on --functional=on --flatten_buses=off --tool=modelsim_oem --format=verilog --output_directory="C:/Users/bazoo/Documents/lessons/2022-2/logic lab/Project/simulation/qsim/" week11 -c week11
quartus_eda --gen_testbench --tool=modelsim_oem --format=verilog --write_settings_files=off week11 -c week11 --vector_source="C:/Users/bazoo/Documents/lessons/2022-2/logic lab/Project/TEST1.vwf" --testbench_file="C:/Users/bazoo/Documents/lessons/2022-2/logic lab/Project/simulation/qsim/TEST1.vwf.vt"
quartus_eda --write_settings_files=off --simulation=on --functional=on --flatten_buses=off --tool=modelsim_oem --format=verilog --output_directory="C:/Users/bazoo/Documents/lessons/2022-2/logic lab/Project/simulation/qsim/" week11 -c week11
quartus_eda --gen_testbench --tool=modelsim_oem --format=verilog --write_settings_files=off week11 -c week11 --vector_source="C:/Users/bazoo/Documents/lessons/2022-2/logic lab/Project/TEST1.vwf" --testbench_file="C:/Users/bazoo/Documents/lessons/2022-2/logic lab/Project/simulation/qsim/TEST1.vwf.vt"
quartus_eda --write_settings_files=off --simulation=on --functional=on --flatten_buses=off --tool=modelsim_oem --format=verilog --output_directory="C:/Users/bazoo/Documents/lessons/2022-2/logic lab/Project/simulation/qsim/" week11 -c week11



